2021-05-30 06:32:13,046 - root - INFO - Initially Server Connected
2021-05-30 06:42:11,677 - root - INFO - Initially Server Connected
2021-05-30 06:45:02,823 - root - INFO - Initially Server Connected
2021-05-30 06:45:11,697 - root - INFO - Server Listening...
2021-05-30 06:45:32,677 - root - INFO - Server Stop
2021-05-30 06:45:32,677 - root - INFO - Accept Error
2021-05-30 06:52:55,889 - root - INFO - Initially Server Connected
2021-05-30 06:53:08,110 - root - INFO - Initially Server Connected
2021-05-30 06:53:30,269 - root - INFO - Server Listening...
2021-05-30 06:53:51,422 - root - INFO - Recv Error
2021-05-30 06:54:12,217 - root - INFO - Server Stop
2021-05-30 06:54:12,217 - root - INFO - Accept Error
2021-05-30 06:54:12,773 - root - INFO - Server Listening...
2021-05-30 06:54:19,012 - root - INFO - 55985 : Hi hello~
2021-05-30 07:18:47,565 - root - INFO - 65018 : dkssud

2021-05-30 07:19:01,475 - root - INFO - 65018 : ㅇㅣ게 되네;ㅔ...
2021-05-30 07:19:26,846 - root - INFO - Server Stop
2021-05-30 07:19:26,846 - root - INFO - Accept Error
2021-05-30 07:19:26,848 - root - INFO - Recv Error
2021-05-30 07:19:26,849 - root - INFO - Recv Error
2021-05-30 07:20:32,863 - root - INFO - Initially Server Connected
2021-05-30 07:20:34,750 - root - INFO - Server Listening...
2021-05-30 07:21:47,842 - root - INFO - 65028 : 안녕하세요,  선생님과 상담 원해요.
2021-05-30 07:22:34,399 - root - INFO - 56297 : 네. 환자분. 성형외과 김중앙 의사입니다. 어떤 상담을 원하시죠?
2021-05-30 07:23:05,465 - root - INFO - 65028 : 눈이 조금 흐리멍텅해보여서 또렷해 보였으면 좋겠어요.
2021-05-30 07:23:41,895 - root - INFO - 56297 : 보통 이런 경우에는 쌍꺼풀 수술을 진행하는데, 내원하셔서 상담 받아보시겠어요?
2021-05-30 07:24:01,991 - root - INFO - 65028 : 네,  내일 상담 가능할까요?
2021-05-30 07:24:06,231 - root - INFO - 65028 : 위치도 알려주세요.
2021-05-30 07:24:56,022 - root - INFO - 56297 : 중앙성형외과, 서울시 동작구 흑석로 84 310관 XXX호 (https://www.cau.ac.kr)
2021-05-30 07:25:20,709 - root - INFO - 56297 : 내일 편하신 때에 내원해주시면 되겠습니다. ^^
2021-05-30 07:25:38,743 - root - INFO - 65028 : 네,  2시에 맞춰서 가겠습니다.  감사합니다.^^
2021-05-30 07:40:11,865 - root - INFO - Server Stop
2021-05-30 07:40:11,865 - root - INFO - Accept Error
2021-05-30 07:40:11,867 - root - INFO - Recv Error
2021-05-30 07:40:11,867 - root - INFO - Recv Error
2021-05-30 07:40:12,550 - root - INFO - Server Stop
